const ALWAYS_OMIT = [
  'socket', '_readableState', '_events', '_writableState',
  'rawHeaders', 'rawTrailers', 'res', 'client',
  'next', 'baseUrl', '_parsedUrl', 'route', 'headers',
  'cookie', 'authorization', 'password', 'secret',
  'access_token', 'refresh_token', 'api_key', 'x-api-key',
  'set-cookie', 'proxy-authorization', 'www-authenticate',
  '_tlsOptions', '_secureEstablished', '_securePending',
  'ssl', 'parser', '_httpMessage', '_redirectable',
  '_currentRequest', 'request', 'response', 'agent',
  '_header', 'outputData', '_removedHeader', 'connection',
  'config.headers', 'config.auth'
];

// Keys we want to extract from deep errors

const KEYS_TO_EXTRACT_DEEPLY = [
  'method', 'url', 'originalUrl', 'params', 'query', 
  'httpVersion', 'header', 'user-agent', 'email', 
  'details', 'body', 'token', 'session', 'user',
  'walletAddress', 'address', 'chain', 'chainId',
  'status', 'statusCode', 'code', 'message', 'data',
  'responseData', 'response', 'request', 'config',
  'result', 'cursor', 'page', 'page_size', 'total',
  'ip', 'origin', 'referer', 'locale', 'platform',
  'device', 'error', 'stack', 'context', 'debug',
  'source', 'env', 'functionName', 'timestamp',
  'isJoi', 'name', 'details', '_original', 'data'
];{"level":"error","message":{"method":"GET","request":{"message":"Authorization header missing"},"route":"/userWallets"},"timestamp":"2025-08-20T15:22:16.935Z"}
{"level":"error","message":{"method":"GET","request":{"message":"Authorization header missing"},"route":"/userWallets"},"timestamp":"2025-08-20 08:23:47.343 PM +0500"}
