{"level":"info","message":{"data":{"email":"umer@gmail.com"},"method":"POST","route":"/user/userVerify"},"timestamp":"2025-08-13T10:50:01.674Z"}
{"level":"info","message":{"data":{"email":"ali@gmail.com"},"method":"POST","route":"/user/userVerify"},"timestamp":"2025-08-13T10:51:03.313Z"}
{"level":"info","message":{"data":{"email":"umer@gmail.com"},"method":"POST","route":"/user/userVerify"},"timestamp":"2025-08-13T10:54:45.169Z"}
{"level":"info","message":{"data":{"email":"ali@gmail.com"},"method":"POST","route":"/user/userVerify"},"timestamp":"2025-08-13T10:54:52.190Z"}
{"level":"info","message":{"data":{"email":"haseeb@gmail.com"},"method":"POST","route":"/user/userVerify"},"timestamp":"2025-08-13T10:56:10.313Z"}
{"level":"info","message":{"data":{"email":"haseeb@gmail.com"},"method":"POST","route":"/user/userVerify"},"timestamp":"2025-08-13T10:56:58.590Z"}
{"level":"info","message":{"data":{"email":"umais@gmail.com"},"method":"POST","route":"/user/userVerify"},"timestamp":"2025-08-13T10:59:00.638Z"}
{"level":"info","message":{"data":{"email":"umais@gmail.com"},"method":"POST","route":"/user/userVerify"},"timestamp":"2025-08-13T10:59:05.182Z"}
{"level":"info","message":{"data":{"code":"112233"},"method":"POST","route":"/user/userCode"},"timestamp":"2025-08-13T11:00:39.381Z"}
{"level":"info","message":{"data":{"code":"112233"},"method":"POST","route":"/user/userCode"},"timestamp":"2025-08-13T11:01:16.588Z"}
{"level":"info","message":{"data":{"code":"112233"},"method":"POST","route":"/user/userCode"},"timestamp":"2025-08-13T11:01:31.739Z"}
{"level":"info","message":{"data":{},"method":"GET","route":"/userWallets"},"timestamp":"2025-08-13T11:02:10.236Z"}
{"level":"info","message":{"data":{},"method":"POST","route":"/wallet"},"timestamp":"2025-08-13T11:02:36.287Z"}
{"level":"info","message":{"data":{},"method":"GET","route":"/userWallets"},"timestamp":"2025-08-13T11:02:40.100Z"}
{"level":"info","message":{"data":{},"method":"GET","route":"/userWallets"},"timestamp":"2025-08-13T11:03:08.055Z"}
{"level":"info","message":{"data":{"email":"ali@gmail.com"},"method":"POST","route":"/user/userVerify"},"timestamp":"2025-08-13T11:04:25.839Z"}
{"level":"info","message":{"data":{},"method":"GET","route":"/userWallets"},"timestamp":"2025-08-13T11:05:03.923Z"}
{"level":"info","message":{"data":{"email":"umer@gmail.com"},"method":"POST","route":"/user/userVerify"},"timestamp":"2025-08-13T11:06:23.015Z"}
{"level":"info","message":{"data":{},"method":"POST","route":"/wallet"},"timestamp":"2025-08-13T11:07:19.821Z"}
{"level":"info","message":{"data":{"code":"112233"},"method":"POST","route":"/user/userCode"},"timestamp":"2025-08-13T11:07:30.842Z"}
{"level":"info","message":{"data":{"code":"112233"},"method":"POST","route":"/user/userCode"},"timestamp":"2025-08-13T11:07:58.466Z"}
{"level":"info","message":{"data":{"email":"umais@gmail.com"},"method":"POST","route":"/user/userVerify"},"timestamp":"2025-08-13T11:08:20.226Z"}
{"level":"info","message":{"data":{},"method":"GET","route":"/userWallets"},"timestamp":"2025-08-13T11:09:41.082Z"}
{"level":"info","message":{"data":{"email":"umais@gmail.com"},"method":"POST","route":"/user/userVerify"},"timestamp":"2025-08-13T11:13:13.925Z"}
{"level":"info","message":{"data":{"code":"112233"},"method":"POST","route":"/user/userCode"},"timestamp":"2025-08-13T11:13:47.490Z"}
{"level":"info","message":{"data":{},"method":"GET","route":"/userWallets"},"timestamp":"2025-08-13T11:14:36.585Z"}
{"level":"info","message":{"data":{},"method":"POST","route":"/wallet"},"timestamp":"2025-08-13T11:16:14.684Z"}
{"level":"info","message":{"data":{},"method":"GET","route":"/userWallets"},"timestamp":"2025-08-13T11:16:32.033Z"}
{"level":"info","message":{"data":{},"method":"POST","route":"/wallet"},"timestamp":"2025-08-13T11:27:44.729Z"}
{"level":"info","message":{"data":{"email":"ali@gmail.com"},"method":"POST","route":"/user/userVerify"},"timestamp":"2025-08-13T11:35:35.828Z"}
{"level":"info","message":{"data":{"email":"ali@gmail.com"},"method":"POST","route":"/user/userVerify"},"timestamp":"2025-08-13T11:40:54.810Z"}
{"level":"info","message":{"data":{"email":"ali@gmail.com"},"method":"POST","route":"/user/userVerify"},"timestamp":"2025-08-13T11:40:58.107Z"}
{"level":"info","message":{"data":{"email":"umais@gmail.com"},"method":"POST","route":"/user/userVerify"},"timestamp":"2025-08-13T11:41:02.250Z"}
